<?xml version="1.0" encoding="UTF-8"?>
<!-- Generated by org.testng.reporters.JUnitReportReporter -->
<testsuite hostname="DESKTOP-S427SE2" failures="0" tests="2" name="test.HomePageGokwikTest" time="1.542" errors="0" timestamp="2024-02-07T02:18:14 IST" skipped="0">
  <testcase classname="test.HomePageGokwikTest" name="logoTest" time="0.098"/>
  <testcase classname="test.HomePageGokwikTest" name="aboutUsPage" time="1.444"/>
</testsuite> <!-- test.HomePageGokwikTest -->
