<?xml version="1.0" encoding="UTF-8"?>
<!-- Generated by org.testng.reporters.JUnitReportReporter -->
<testsuite hostname="DESKTOP-S427SE2" failures="0" tests="1" name="test.CareersJobSearch" time="35.025" errors="0" timestamp="2024-02-07T02:23:26 IST" skipped="0">
  <testcase classname="test.CareersJobSearch" name="aboutUsPage" time="35.025"/>
</testsuite> <!-- test.CareersJobSearch -->
